<?xml version="1.0" encoding="UTF-8"?>

<testsuite name="com.crazyfm.extension.gearSys.GameComponentTest" tests="2" failures="0" errors="0" skipped="0" time="0,012" hostname="playtech-a1531" timestamp="2016-06-14T12:47:59">
  <testcase classname="com.crazyfm.extension.gearSys::GameComponentTest" name="testGetGameObject" time="0,012"/>
  <testcase classname="com.crazyfm.extension.gearSys::GameComponentTest" name="testAdvanceTime" time="0,000"/>
</testsuite>
